Determining if the pthread_create exist failed with the following output:
Change Dir: /home/ubuntu/tutorial_1/cuda-fixnum/build/CMakeFiles/CMakeTmp

Run Build Command:"/usr/bin/make" "cmTC_ea15e/fast"
/usr/bin/make -f CMakeFiles/cmTC_ea15e.dir/build.make CMakeFiles/cmTC_ea15e.dir/build
make[1]: Entering directory '/home/ubuntu/tutorial_1/cuda-fixnum/build/CMakeFiles/CMakeTmp'
Building C object CMakeFiles/cmTC_ea15e.dir/CheckSymbolExists.c.o
/usr/bin/cc   -fPIC    -o CMakeFiles/cmTC_ea15e.dir/CheckSymbolExists.c.o   -c /home/ubuntu/tutorial_1/cuda-fixnum/build/CMakeFiles/CMakeTmp/CheckSymbolExists.c
Linking C executable cmTC_ea15e
/usr/local/lib/python3.5/dist-packages/cmake/data/bin/cmake -E cmake_link_script CMakeFiles/cmTC_ea15e.dir/link.txt --verbose=1
/usr/bin/cc -fPIC     CMakeFiles/cmTC_ea15e.dir/CheckSymbolExists.c.o  -o cmTC_ea15e 
CMakeFiles/cmTC_ea15e.dir/CheckSymbolExists.c.o: In function `main':
CheckSymbolExists.c:(.text+0x1b): undefined reference to `pthread_create'
collect2: error: ld returned 1 exit status
CMakeFiles/cmTC_ea15e.dir/build.make:86: recipe for target 'cmTC_ea15e' failed
make[1]: *** [cmTC_ea15e] Error 1
make[1]: Leaving directory '/home/ubuntu/tutorial_1/cuda-fixnum/build/CMakeFiles/CMakeTmp'
Makefile:121: recipe for target 'cmTC_ea15e/fast' failed
make: *** [cmTC_ea15e/fast] Error 2

File /home/ubuntu/tutorial_1/cuda-fixnum/build/CMakeFiles/CMakeTmp/CheckSymbolExists.c:
/* */
#include <pthread.h>

int main(int argc, char** argv)
{
  (void)argv;
#ifndef pthread_create
  return ((int*)(&pthread_create))[argc];
#else
  (void)argc;
  return 0;
#endif
}

Determining if the function pthread_create exists in the pthreads failed with the following output:
Change Dir: /home/ubuntu/tutorial_1/cuda-fixnum/build/CMakeFiles/CMakeTmp

Run Build Command:"/usr/bin/make" "cmTC_20065/fast"
/usr/bin/make -f CMakeFiles/cmTC_20065.dir/build.make CMakeFiles/cmTC_20065.dir/build
make[1]: Entering directory '/home/ubuntu/tutorial_1/cuda-fixnum/build/CMakeFiles/CMakeTmp'
Building C object CMakeFiles/cmTC_20065.dir/CheckFunctionExists.c.o
/usr/bin/cc   -fPIC -DCHECK_FUNCTION_EXISTS=pthread_create   -o CMakeFiles/cmTC_20065.dir/CheckFunctionExists.c.o   -c /usr/local/lib/python3.5/dist-packages/cmake/data/share/cmake-3.13/Modules/CheckFunctionExists.c
Linking C executable cmTC_20065
/usr/local/lib/python3.5/dist-packages/cmake/data/bin/cmake -E cmake_link_script CMakeFiles/cmTC_20065.dir/link.txt --verbose=1
/usr/bin/cc -fPIC -DCHECK_FUNCTION_EXISTS=pthread_create    CMakeFiles/cmTC_20065.dir/CheckFunctionExists.c.o  -o cmTC_20065 -lpthreads 
/usr/bin/ld: cannot find -lpthreads
collect2: error: ld returned 1 exit status
CMakeFiles/cmTC_20065.dir/build.make:86: recipe for target 'cmTC_20065' failed
make[1]: *** [cmTC_20065] Error 1
make[1]: Leaving directory '/home/ubuntu/tutorial_1/cuda-fixnum/build/CMakeFiles/CMakeTmp'
Makefile:121: recipe for target 'cmTC_20065/fast' failed
make: *** [cmTC_20065/fast] Error 2


